20240518	14:46:02	6ad86607-1b2e-4360-bea1-5e4541c0bac1	GET	/	undefined
20240518	14:46:02	8e0edfe4-e1e0-496f-b2f2-93b2a44e011b	GET	/css/style.css	undefined
20240518	14:46:02	e6fc0d09-a863-4f2d-8b01-58590b649df8	GET	/favicon.ico	undefined
20240518	14:46:38	06afba4b-d9d1-4ed8-9ca6-2afb78e5ddb5	GET	/	undefined
20240518	14:46:38	50193b64-cbbb-4663-88fe-3dc8bf4555da	GET	/css/style.css	undefined
20240518	14:47:17	d2b6510a-94d4-421f-80b3-423d178045c2	GET	/s	undefined
20240518	14:47:17	5129bf7d-a635-43b5-a315-9e248bdd8312	GET	/css/style.css	undefined
20240526	22:59:08	037e5c3a-06dc-4585-8fef-33e1c6928d0c	OPTIONS	/auth/signup	http://localhost:3000
20240526	22:59:08	1a4574a5-5145-45cd-b40a-28eeb8b8f6f8	POST	/auth/signup	http://localhost:3000
20240527	14:23:09	4f587087-1787-4bfa-80e8-f87af727eaa2	OPTIONS	/auth/signup	http://localhost:3000
20240527	14:23:09	d5ff9716-41f9-423a-b243-1dae1c9a8c5f	POST	/auth/signup	http://localhost:3000
20240527	14:26:06	8035877f-2ed6-43e3-8691-5dc0c1957916	OPTIONS	/auth/signup	http://localhost:3000
20240527	14:26:06	ef9a27fc-48bc-4514-9405-14860862a538	POST	/auth/signup	http://localhost:3000
20240527	14:29:48	3ac17094-3ce2-47cc-b130-58e0321f84da	OPTIONS	/auth/signup	http://localhost:3000
20240527	14:29:48	5f365e9d-8ae0-47a7-8820-a20fd582f306	POST	/auth/signup	http://localhost:3000
20240527	14:30:54	9d4620f3-eac8-41a4-a835-facb2ef80f09	OPTIONS	/auth/signup	http://localhost:3000
20240527	14:30:54	c1868406-ba01-4eba-b394-0eddf00713b2	POST	/auth/signup	http://localhost:3000
20240527	14:30:57	d378b65c-cd09-4f1c-a81d-100c1abc3220	POST	/auth/signup	http://localhost:3000
20240527	14:31:00	38c231d4-3699-4780-8676-8a61b6431321	OPTIONS	/auth/signup	http://localhost:3000
20240527	14:31:00	ed6ca851-0c7e-437f-a69d-088be82c993f	POST	/auth/signup	http://localhost:3000
20240527	14:31:08	0786d882-8458-4f2e-8678-2f0c13d76f01	OPTIONS	/auth/signup	http://localhost:3000
20240527	14:31:08	3bdbc329-589c-4e8d-8797-7929ce4d22e7	POST	/auth/signup	http://localhost:3000
20240527	14:34:42	a08e657c-43c5-446c-a80c-c2554f88adf7	OPTIONS	/auth/signup	http://localhost:3000
20240527	14:34:42	12284d67-c491-4e89-8706-4656c10f6ac3	POST	/auth/signup	http://localhost:3000
20240527	14:34:45	79040de9-1fe1-4e6e-9081-93eff81d353b	POST	/auth/signup	http://localhost:3000
20240527	14:35:56	22b0396b-fbe5-4b57-8962-902cd9acd8ef	OPTIONS	/auth/signup	http://localhost:3000
20240527	14:35:56	e457a64f-ecea-4ab8-af43-9d6b8058149b	POST	/auth/signup	http://localhost:3000
20240527	14:37:20	997b4662-5e57-423c-a2a4-165442246c19	OPTIONS	/auth/signup	http://localhost:3000
20240527	14:37:20	b9a31b66-382a-45d2-9fcd-46c6bf3eea5c	POST	/auth/signup	http://localhost:3000
20240527	14:37:23	9fbdbb9d-bc91-4632-878d-3679c565221d	POST	/auth/signup	http://localhost:3000
20240527	14:37:47	0bbb6ae0-c2e5-4f83-ba93-e493b2a63866	OPTIONS	/auth/signup	http://localhost:3000
20240527	14:37:47	bdb7148d-cacf-4bd8-acc6-1e01fd7bd9d0	POST	/auth/signup	http://localhost:3000
20240527	14:37:49	5d4af885-87b6-4e32-b19a-8346505e1ec8	POST	/auth/signup	http://localhost:3000
20240527	14:38:02	f702fa1c-b4f8-4cc1-8b2e-950091ea091d	OPTIONS	/auth/signup	http://localhost:3000
20240527	14:38:02	06d66e55-db10-477a-9fa2-c9f8b1be62fb	POST	/auth/signup	http://localhost:3000
20240527	14:38:04	8ebc5e33-fa9f-4d77-b2f3-3ac7c391544b	POST	/auth/signup	http://localhost:3000
20240527	14:39:35	09f6cd2c-c2e6-4c08-8243-ddff1c583249	OPTIONS	/auth/signup	http://localhost:3000
20240527	14:39:35	294dc41c-740d-43e1-8742-d44e49d7f518	POST	/auth/signup	http://localhost:3000
20240527	14:40:14	eb75a7d8-e929-4391-a135-70cb996c7dcc	OPTIONS	/auth/signup	http://localhost:3000
20240527	14:40:14	236503e8-d2c3-4c1c-85b4-2f27dd1df004	POST	/auth/signup	http://localhost:3000
20240527	14:42:19	ebb9b45a-c038-4b3c-bc45-f191c0c0105c	OPTIONS	/auth/signup	http://localhost:3000
20240527	14:42:19	48807ece-0ef3-4bc9-bcde-22362aebcaec	POST	/auth/signup	http://localhost:3000
20240528	22:52:07	e7fa4160-9e58-48c3-b664-2f8bcaa1e077	POST	/auth	http://localhost:3000
20240528	22:52:07	d87b4a76-9ec0-4baa-aa05-d4c63598deca	OPTIONS	/auth	http://localhost:3000
20240528	22:52:34	7dd737d9-cca9-4742-bc11-05dbf5e0876e	OPTIONS	/auth	http://localhost:3000
20240528	22:52:34	02e1b1e3-24cf-4555-9c4d-2c86a9ec5e02	POST	/auth	http://localhost:3000
20240528	22:52:45	d8b39334-20e3-4f6a-899b-6774a68b4af7	OPTIONS	/auth	http://localhost:3000
20240528	22:52:45	ef39b649-55c6-417d-a0a7-250c38d7e844	POST	/auth	http://localhost:3000
20240528	22:54:11	d2ecacd1-cf59-49c4-ab0d-a49b87250265	OPTIONS	/auth	http://localhost:3000
20240528	22:54:11	1a8e8ac4-8a2e-488b-9b32-ef3444a18105	POST	/auth	http://localhost:3000
20240602	09:14:35	91254489-b669-45dd-a9d5-3aa93b928a12	POST	/exams	undefined
20240602	09:15:51	93d36e64-0501-4029-b877-8d268270a8ba	POST	/exams	undefined
20240602	09:16:08	06e795b3-1d9e-416e-ae18-6bc07f8bb039	POST	/exams	undefined
20240602	09:16:34	066c4038-3fdd-494e-b305-fdc471cb2730	POST	/exams	undefined
20240602	09:18:09	8c9d5d22-c051-465a-bed2-abe4d33fb7aa	GET	/exams	undefined
20240602	09:24:18	160b0a63-69ff-4402-82c7-5304509655fd	PATCH	/exams	undefined
20240602	09:24:31	834bb97b-1cd2-4d09-a5c7-d771f825a153	PATCH	/exams	undefined
20240602	09:24:40	582be77f-aa78-4644-a0b1-631e497ea6d9	GET	/exams	undefined
20240602	09:28:57	ba96c0c5-36fa-458d-9db3-1fbc9b072168	DELETE	/exams	undefined
20240602	09:29:41	187a7921-f503-475e-825a-f890506c239e	GET	/exams	undefined
20240602	10:22:57	af99008d-6e2c-46ab-a1b7-dfa47dce228c	GET	/exams	undefined
20240602	10:23:26	0f79940f-f02e-4084-b02b-12f8f6505d28	POST	/courses	undefined
20240602	10:24:23	fc0be6ce-3c20-4e8d-ab8d-af88b868b89d	POST	/courses	undefined
20240602	10:24:47	22c63403-c28d-4f96-a891-8c80c371b5d4	POST	/courses	undefined
20240602	10:25:08	fa38f613-0ca8-4c44-b91a-3f38023f76ed	POST	/courses	undefined
20240602	10:25:15	518473fa-d081-468d-aa96-3246c8f6eed5	POST	/courses	undefined
20240602	10:27:27	cc62569f-43c1-4cf9-b8a0-d6da0299821a	GET	/courses	undefined
20240602	10:30:57	eb701126-30cf-4922-a87c-c2902ff3d1c7	PATCH	/courses	undefined
20240602	10:31:46	4a195c42-57f6-4f4b-954b-15d49a0dcb78	PATCH	/courses	undefined
20240602	10:33:12	d138bbf3-d2c2-4278-9ec1-d5a90203d8f6	GET	/courses	undefined
20240602	10:34:02	5a8c713f-524e-4907-b3bc-74ff1821a761	POST	/courses	undefined
20240602	10:34:08	f657d33d-cafa-4523-ba59-b0d06ab63b03	GET	/courses	undefined
20240602	10:35:16	989f403a-a070-4aa0-a9a6-fd3822ea9c63	GET	/courses	undefined
20240602	10:35:27	be2d61ff-c805-49e2-920c-d5da93d2ec44	DELETE	/courses	undefined
20240602	10:39:36	0b5597c7-6872-4127-8436-3d76d8fc27b5	DELETE	/exams	undefined
20240602	16:47:09	04b05a87-472a-4862-96ce-a0097519aaed	DELETE	/exams	undefined
20240602	16:53:50	b8ca9ad3-7044-44f8-92ca-93ce69a44bcb	GET	/courses	undefined
20240602	16:56:44	fc5a9900-2bf5-4280-88bb-8f8ad0e48b6b	POST	/papers	undefined
20240602	16:57:01	e56d27b7-c22b-4c28-8cde-580e6537565d	POST	/papers	undefined
20240602	16:57:11	624849ed-c4bd-49d9-9a20-01e13e90a393	POST	/papers	undefined
20240602	16:57:32	9039a589-b35e-4481-8692-c0accb8a363f	GET	/papers	undefined
20240602	17:00:31	f4644e55-5864-4712-95d9-3119492f3913	GET	/papers	undefined
20240602	17:01:00	950371cb-c698-4b81-a5bc-7a97d561c401	GET	/papers	undefined
20240602	17:02:52	62217962-1ce9-4ea2-83b7-9abc53bf7a19	GET	/papers	undefined
20240602	17:04:05	6dcadbe1-6edc-4af3-b213-a4cf587e8598	POST	/papers	undefined
20240602	17:06:56	7e9acb23-406c-4d43-b272-9ecbc543610b	GET	/papers	undefined
20240602	17:07:38	658ef6d3-c927-4e03-8d57-7131f8110e85	PATCH	/papers	undefined
20240602	17:08:31	d89b6fe9-f248-4f32-b408-56bd57c1ac36	GET	/papers	undefined
20240602	17:09:36	7a6bacc5-e8d0-412a-b4de-36c635911451	DELETE	/papers	undefined
20240602	17:09:48	9b26161f-e411-458f-8db1-06ce3f315a9b	GET	/papers	undefined
20240602	17:17:01	428b93bd-6300-4b68-989c-b2111c085f97	DELETE	/courses	undefined
20240602	17:17:38	8230f11a-937b-4491-bded-b163c4002654	GET	/courses	undefined
20240602	17:18:45	82b88dcb-4fe5-49c2-af23-771ba354a0d2	DELETE	/courses	undefined
20240602	17:20:59	cc3ecb84-9065-4d91-ae2b-d00e5bd0e20d	POST	/questions	undefined
20240602	17:21:10	0c1a720e-88e3-4341-ae7f-eb3a846da074	POST	/questions	undefined
20240602	17:21:20	e84c7ab3-55a7-4ad8-9844-5800f4eafde5	POST	/questions	undefined
20240602	17:21:34	abcbf135-4358-4213-a288-8c1de72eb2d9	POST	/questions	undefined
20240602	17:21:55	3ea2ec1a-6f54-4b30-9deb-4a6b768e2966	GET	/questions	undefined
20240602	17:22:35	7c2b9d95-437a-4f07-88e8-bb5980a4e561	DELETE	/papers	undefined
20240602	17:30:27	964a3074-075a-497a-ae47-51f4c3361944	PATCH	/questions	undefined
20240602	17:31:42	cf14a274-6771-49d6-8797-8f655498defd	PATCH	/questions	undefined
20240602	17:32:21	858616ac-bc0e-4f8b-a6c1-ad5b5ee9d07a	PATCH	/questions	undefined
20240602	17:32:46	a1cfcc5d-f2e7-43bc-ade3-e90e1924beb6	POST	/questions	undefined
20240602	17:32:53	9279416f-8753-40e8-93cf-e059955be9d0	GET	/questions	undefined
20240602	17:34:05	46fd2442-b399-44bb-9122-2d789e6e35c3	DELETE	/questions	undefined
